
install of Federated SSO chosen, creating Restore Point
Loaded plugins: fastestmirror
Setting up Install Process
Loading mirror speeds from cached hostfile
 * base: centos.les.net
 * extras: www.muug.mb.ca
 * updates: mirror.esecuredata.com
Package patch-2.6-6.el6.x86_64 already installed and latest version
Package ntpdate-4.2.6p5-1.el6.centos.x86_64 already installed and latest version
Package unzip-6.0-1.el6.x86_64 already installed and latest version
Package curl-7.19.7-40.el6_6.1.x86_64 already installed and latest version
Nothing to do
Loaded plugins: fastestmirror
Setting up Install Process
Loading mirror speeds from cached hostfile
 * base: centos.les.net
 * extras: www.muug.mb.ca
 * updates: mirror.esecuredata.com
Package git-1.7.1-3.el6_4.1.x86_64 already installed and latest version
Package 1:java-1.7.0-openjdk-devel-1.7.0.71-2.5.3.1.el6.x86_64 already installed and latest version
Nothing to do
Loaded plugins: fastestmirror
Setting up Install Process
Loading mirror speeds from cached hostfile
 * base: centos.les.net
 * extras: www.muug.mb.ca
 * updates: mirror.esecuredata.com
Package 1:java-1.7.0-openjdk-1.7.0.71-2.5.3.1.el6.x86_64 already installed and latest version
Nothing to do
java version "1.7.0_71"
OpenJDK Runtime Environment (rhel-2.5.3.1.el6-x86_64 u71-b14)
OpenJDK 64-Bit Server VM (build 24.65-b04, mixed mode)
Buildfile: src/installer/resources/build.xml

install:
!!!!!!!!!!!!!!!!!!!!!!!!!!!!!!!!!!!!!!!!!!!!!!!!!!!!
Be sure you have read the installation/upgrade instructions on the Shibboleth website before proceeding.
!!!!!!!!!!!!!!!!!!!!!!!!!!!!!!!!!!!!!!!!!!!!!!!!!!!!
skipping input as property idp.home.input has already been set.
What is the fully qualified hostname of the Shibboleth Identity Provider server? [idp.example.org]
Loaded plugins: fastestmirror
Setting up Update Process
Loading mirror speeds from cached hostfile
 * base: centos.les.net
 * extras: www.muug.mb.ca
 * updates: mirror.esecuredata.com
No Packages marked for Update
Loaded plugins: fastestmirror
Cleaning repos: base extras updates
Cleaning up Everything
Cleaning up list of fastest mirrors
Loaded plugins: fastestmirror
Setting up Install Process
Determining fastest mirrors


Exiting on user cancel
Traceback (most recent call last):
  File "/usr/bin/yum", line 4, in <module>
    import yum
  File "/usr/lib/python2.6/site-packages/yum/__init__.py", line 23, in <module>
    import rpm
  File "/usr/lib64/python2.6/site-packages/rpm/__init__.py", line 9, in <module>
    from rpm._rpm import *
KeyboardInterrupt


Exiting on user cancel.
java version "1.7.0_71"
OpenJDK Runtime Environment (rhel-2.5.3.1.el6-x86_64 u71-b14)
OpenJDK 64-Bit Server VM (build 24.65-b04, mixed mode)
